Analysis & Synthesis report for final
Thu Jun 08 22:50:41 2023
Quartus II Version 9.1 Build 350 03/24/2010 Service Pack 2 SJ Web Edition


---------------------
; Table of Contents ;
---------------------
  1. Legal Notice
  2. Analysis & Synthesis Summary
  3. Analysis & Synthesis Settings
  4. Parallel Compilation
  5. Analysis & Synthesis Source Files Read
  6. Analysis & Synthesis Resource Usage Summary
  7. Analysis & Synthesis Resource Utilization by Entity
  8. Registers Removed During Synthesis
  9. Removed Registers Triggering Further Register Optimizations
 10. General Register Statistics
 11. Inverted Register Statistics
 12. Multiplexer Restructuring Statistics (Restructuring Performed)
 13. Parameter Settings for User Entity Instance: timera:t|time_counter:t
 14. Port Connectivity Checks: "Led_Top:l|Led_Driver:Led_Driver[0]|Led_Driver_Control:Led_Driver_Control"
 15. Port Connectivity Checks: "lfsr:r"
 16. Analysis & Synthesis Messages



----------------
; Legal Notice ;
----------------
Copyright (C) 1991-2010 Altera Corporation
Your use of Altera Corporation's design tools, logic functions 
and other software and tools, and its AMPP partner logic 
functions, and any output files from any of the foregoing 
(including device programming or simulation files), and any 
associated documentation or information are expressly subject 
to the terms and conditions of the Altera Program License 
Subscription Agreement, Altera MegaCore Function License 
Agreement, or other applicable license agreement, including, 
without limitation, that your use is for the sole purpose of 
programming logic devices manufactured by Altera and sold by 
Altera or its authorized distributors.  Please refer to the 
applicable agreement for further details.



+-----------------------------------------------------------------------------------+
; Analysis & Synthesis Summary                                                      ;
+------------------------------------+----------------------------------------------+
; Analysis & Synthesis Status        ; Successful - Thu Jun 08 22:50:41 2023        ;
; Quartus II Version                 ; 9.1 Build 350 03/24/2010 SP 2 SJ Web Edition ;
; Revision Name                      ; final                                        ;
; Top-level Entity Name              ; final                                        ;
; Family                             ; Cyclone III                                  ;
; Total logic elements               ; 455                                          ;
;     Total combinational functions  ; 443                                          ;
;     Dedicated logic registers      ; 214                                          ;
; Total registers                    ; 214                                          ;
; Total pins                         ; 36                                           ;
; Total virtual pins                 ; 0                                            ;
; Total memory bits                  ; 0                                            ;
; Embedded Multiplier 9-bit elements ; 0                                            ;
; Total PLLs                         ; 0                                            ;
+------------------------------------+----------------------------------------------+


+----------------------------------------------------------------------------------------------------------------------+
; Analysis & Synthesis Settings                                                                                        ;
+----------------------------------------------------------------------------+--------------------+--------------------+
; Option                                                                     ; Setting            ; Default Value      ;
+----------------------------------------------------------------------------+--------------------+--------------------+
; Device                                                                     ; EP3C16F484C6       ;                    ;
; Top-level entity name                                                      ; final              ; final              ;
; Family name                                                                ; Cyclone III        ; Stratix II         ;
; Optimization Technique                                                     ; Speed              ; Balanced           ;
; Use Generated Physical Constraints File                                    ; Off                ;                    ;
; Use smart compilation                                                      ; Off                ; Off                ;
; Enable parallel Assembler and TimeQuest Timing Analyzer during compilation ; On                 ; On                 ;
; Enable compact report table                                                ; Off                ; Off                ;
; Restructure Multiplexers                                                   ; Auto               ; Auto               ;
; Create Debugging Nodes for IP Cores                                        ; Off                ; Off                ;
; Preserve fewer node names                                                  ; On                 ; On                 ;
; Disable OpenCore Plus hardware evaluation                                  ; Off                ; Off                ;
; Verilog Version                                                            ; Verilog_2001       ; Verilog_2001       ;
; VHDL Version                                                               ; VHDL_1993          ; VHDL_1993          ;
; State Machine Processing                                                   ; Auto               ; Auto               ;
; Safe State Machine                                                         ; Off                ; Off                ;
; Extract Verilog State Machines                                             ; On                 ; On                 ;
; Extract VHDL State Machines                                                ; On                 ; On                 ;
; Ignore Verilog initial constructs                                          ; Off                ; Off                ;
; Iteration limit for constant Verilog loops                                 ; 5000               ; 5000               ;
; Iteration limit for non-constant Verilog loops                             ; 250                ; 250                ;
; Add Pass-Through Logic to Inferred RAMs                                    ; On                 ; On                 ;
; Parallel Synthesis                                                         ; On                 ; On                 ;
; DSP Block Balancing                                                        ; Auto               ; Auto               ;
; NOT Gate Push-Back                                                         ; On                 ; On                 ;
; Power-Up Don't Care                                                        ; On                 ; On                 ;
; Remove Redundant Logic Cells                                               ; Off                ; Off                ;
; Remove Duplicate Registers                                                 ; On                 ; On                 ;
; Ignore CARRY Buffers                                                       ; Off                ; Off                ;
; Ignore CASCADE Buffers                                                     ; Off                ; Off                ;
; Ignore GLOBAL Buffers                                                      ; Off                ; Off                ;
; Ignore ROW GLOBAL Buffers                                                  ; Off                ; Off                ;
; Ignore LCELL Buffers                                                       ; Off                ; Off                ;
; Ignore SOFT Buffers                                                        ; On                 ; On                 ;
; Limit AHDL Integers to 32 Bits                                             ; Off                ; Off                ;
; Carry Chain Length                                                         ; 70                 ; 70                 ;
; Auto Carry Chains                                                          ; On                 ; On                 ;
; Auto Open-Drain Pins                                                       ; On                 ; On                 ;
; Perform WYSIWYG Primitive Resynthesis                                      ; Off                ; Off                ;
; Auto ROM Replacement                                                       ; On                 ; On                 ;
; Auto RAM Replacement                                                       ; On                 ; On                 ;
; Auto DSP Block Replacement                                                 ; On                 ; On                 ;
; Auto Shift Register Replacement                                            ; Auto               ; Auto               ;
; Auto Clock Enable Replacement                                              ; On                 ; On                 ;
; Strict RAM Replacement                                                     ; Off                ; Off                ;
; Allow Synchronous Control Signals                                          ; On                 ; On                 ;
; Force Use of Synchronous Clear Signals                                     ; Off                ; Off                ;
; Auto RAM Block Balancing                                                   ; On                 ; On                 ;
; Auto RAM to Logic Cell Conversion                                          ; Off                ; Off                ;
; Auto Resource Sharing                                                      ; Off                ; Off                ;
; Allow Any RAM Size For Recognition                                         ; Off                ; Off                ;
; Allow Any ROM Size For Recognition                                         ; Off                ; Off                ;
; Allow Any Shift Register Size For Recognition                              ; Off                ; Off                ;
; Use LogicLock Constraints during Resource Balancing                        ; On                 ; On                 ;
; Ignore translate_off and synthesis_off directives                          ; Off                ; Off                ;
; Timing-Driven Synthesis                                                    ; On                 ; On                 ;
; Show Parameter Settings Tables in Synthesis Report                         ; On                 ; On                 ;
; Ignore Maximum Fan-Out Assignments                                         ; Off                ; Off                ;
; Synchronization Register Chain Length                                      ; 2                  ; 2                  ;
; PowerPlay Power Optimization                                               ; Normal compilation ; Normal compilation ;
; HDL message level                                                          ; Level2             ; Level2             ;
; Suppress Register Optimization Related Messages                            ; Off                ; Off                ;
; Number of Removed Registers Reported in Synthesis Report                   ; 5000               ; 5000               ;
; Number of Inverted Registers Reported in Synthesis Report                  ; 100                ; 100                ;
; Clock MUX Protection                                                       ; On                 ; On                 ;
; Auto Gated Clock Conversion                                                ; Off                ; Off                ;
; Block Design Naming                                                        ; Auto               ; Auto               ;
; SDC constraint protection                                                  ; Off                ; Off                ;
; Synthesis Effort                                                           ; Auto               ; Auto               ;
; Shift Register Replacement - Allow Asynchronous Clear Signal               ; On                 ; On                 ;
; Analysis & Synthesis Message Level                                         ; Medium             ; Medium             ;
; Disable Register Merging Across Hierarchies                                ; Auto               ; Auto               ;
; Resource Aware Inference For Block RAM                                     ; On                 ; On                 ;
+----------------------------------------------------------------------------+--------------------+--------------------+


Parallel compilation was disabled, but you have multiple processors available. Enable parallel compilation to reduce compilation time.
+-------------------------------------+
; Parallel Compilation                ;
+----------------------------+--------+
; Processors                 ; Number ;
+----------------------------+--------+
; Number detected on machine ; 4      ;
; Maximum allowed            ; 1      ;
+----------------------------+--------+


+---------------------------------------------------------------------------------------------------------------------------------------+
; Analysis & Synthesis Source Files Read                                                                                                ;
+----------------------------------+-----------------+------------------------+---------------------------------------------------------+
; File Name with User-Entered Path ; Used in Netlist ; File Type              ; File Name with Absolute Path                            ;
+----------------------------------+-----------------+------------------------+---------------------------------------------------------+
; final.v                          ; yes             ; User Verilog HDL File  ; C:/Users/mark9/Downloads/final (1)/final/final.v        ;
; cmp.v                            ; yes             ; User Verilog HDL File  ; C:/Users/mark9/Downloads/final (1)/final/cmp.v          ;
; Led_Top.v                        ; yes             ; User Verilog HDL File  ; C:/Users/mark9/Downloads/final (1)/final/Led_Top.v      ;
; display.v                        ; yes             ; User Verilog HDL File  ; C:/Users/mark9/Downloads/final (1)/final/display.v      ;
; time_counter.v                   ; yes             ; User Verilog HDL File  ; C:/Users/mark9/Downloads/final (1)/final/time_counter.v ;
; timera.v                         ; yes             ; User Verilog HDL File  ; C:/Users/mark9/Downloads/final (1)/final/timera.v       ;
; lfsr.v                           ; yes             ; User Verilog HDL File  ; C:/Users/mark9/Downloads/final (1)/final/lfsr.v         ;
+----------------------------------+-----------------+------------------------+---------------------------------------------------------+


+---------------------------------------------------------+
; Analysis & Synthesis Resource Usage Summary             ;
+---------------------------------------------+-----------+
; Resource                                    ; Usage     ;
+---------------------------------------------+-----------+
; Estimated Total logic elements              ; 455       ;
;                                             ;           ;
; Total combinational functions               ; 443       ;
; Logic element usage by number of LUT inputs ;           ;
;     -- 4 input functions                    ; 188       ;
;     -- 3 input functions                    ; 72        ;
;     -- <=2 input functions                  ; 183       ;
;                                             ;           ;
; Logic elements by mode                      ;           ;
;     -- normal mode                          ; 290       ;
;     -- arithmetic mode                      ; 153       ;
;                                             ;           ;
; Total registers                             ; 214       ;
;     -- Dedicated logic registers            ; 214       ;
;     -- I/O registers                        ; 0         ;
;                                             ;           ;
; I/O pins                                    ; 36        ;
; Maximum fan-out node                        ; clk~input ;
; Maximum fan-out                             ; 206       ;
; Total fan-out                               ; 2195      ;
; Average fan-out                             ; 3.01      ;
+---------------------------------------------+-----------+


+---------------------------------------------------------------------------------------------------------------------------------------------------------------------------------------------------------------------------------------------------------------+
; Analysis & Synthesis Resource Utilization by Entity                                                                                                                                                                                                           ;
+--------------------------------------------------+-------------------+--------------+-------------+--------------+---------+-----------+------+--------------+---------------------------------------------------------------------------------+--------------+
; Compilation Hierarchy Node                       ; LC Combinationals ; LC Registers ; Memory Bits ; DSP Elements ; DSP 9x9 ; DSP 18x18 ; Pins ; Virtual Pins ; Full Hierarchy Name                                                             ; Library Name ;
+--------------------------------------------------+-------------------+--------------+-------------+--------------+---------+-----------+------+--------------+---------------------------------------------------------------------------------+--------------+
; |final                                           ; 443 (0)           ; 214 (0)      ; 0           ; 0            ; 0       ; 0         ; 36   ; 0            ; |final                                                                          ; work         ;
;    |Led_Top:l|                                   ; 304 (0)           ; 138 (0)      ; 0           ; 0            ; 0       ; 0         ; 0    ; 0            ; |final|Led_Top:l                                                                ;              ;
;       |Led_Control:Led_Control|                  ; 116 (116)         ; 14 (14)      ; 0           ; 0            ; 0       ; 0         ; 0    ; 0            ; |final|Led_Top:l|Led_Control:Led_Control                                        ;              ;
;       |Led_Driver:Led_Driver[0]|                 ; 47 (0)            ; 31 (0)       ; 0           ; 0            ; 0       ; 0         ; 0    ; 0            ; |final|Led_Top:l|Led_Driver:Led_Driver[0]                                       ;              ;
;          |Led_Driver_Control:Led_Driver_Control| ; 1 (1)             ; 0 (0)        ; 0           ; 0            ; 0       ; 0         ; 0    ; 0            ; |final|Led_Top:l|Led_Driver:Led_Driver[0]|Led_Driver_Control:Led_Driver_Control ;              ;
;          |Led_Interface:Led_Interface|           ; 1 (1)             ; 1 (1)        ; 0           ; 0            ; 0       ; 0         ; 0    ; 0            ; |final|Led_Top:l|Led_Driver:Led_Driver[0]|Led_Interface:Led_Interface           ;              ;
;          |Timer:Timer|                           ; 45 (0)            ; 30 (0)       ; 0           ; 0            ; 0       ; 0         ; 0    ; 0            ; |final|Led_Top:l|Led_Driver:Led_Driver[0]|Timer:Timer                           ;              ;
;             |MSTimer:MSTimer|                    ; 19 (19)           ; 16 (16)      ; 0           ; 0            ; 0       ; 0         ; 0    ; 0            ; |final|Led_Top:l|Led_Driver:Led_Driver[0]|Timer:Timer|MSTimer:MSTimer           ;              ;
;             |NMSTimer:NMSTimer|                  ; 26 (26)           ; 14 (14)      ; 0           ; 0            ; 0       ; 0         ; 0    ; 0            ; |final|Led_Top:l|Led_Driver:Led_Driver[0]|Timer:Timer|NMSTimer:NMSTimer         ;              ;
;       |Led_Driver:Led_Driver[1]|                 ; 47 (0)            ; 31 (0)       ; 0           ; 0            ; 0       ; 0         ; 0    ; 0            ; |final|Led_Top:l|Led_Driver:Led_Driver[1]                                       ;              ;
;          |Led_Driver_Control:Led_Driver_Control| ; 2 (2)             ; 0 (0)        ; 0           ; 0            ; 0       ; 0         ; 0    ; 0            ; |final|Led_Top:l|Led_Driver:Led_Driver[1]|Led_Driver_Control:Led_Driver_Control ;              ;
;          |Led_Interface:Led_Interface|           ; 0 (0)             ; 1 (1)        ; 0           ; 0            ; 0       ; 0         ; 0    ; 0            ; |final|Led_Top:l|Led_Driver:Led_Driver[1]|Led_Interface:Led_Interface           ;              ;
;          |Timer:Timer|                           ; 45 (0)            ; 30 (0)       ; 0           ; 0            ; 0       ; 0         ; 0    ; 0            ; |final|Led_Top:l|Led_Driver:Led_Driver[1]|Timer:Timer                           ;              ;
;             |MSTimer:MSTimer|                    ; 19 (19)           ; 16 (16)      ; 0           ; 0            ; 0       ; 0         ; 0    ; 0            ; |final|Led_Top:l|Led_Driver:Led_Driver[1]|Timer:Timer|MSTimer:MSTimer           ;              ;
;             |NMSTimer:NMSTimer|                  ; 26 (26)           ; 14 (14)      ; 0           ; 0            ; 0       ; 0         ; 0    ; 0            ; |final|Led_Top:l|Led_Driver:Led_Driver[1]|Timer:Timer|NMSTimer:NMSTimer         ;              ;
;       |Led_Driver:Led_Driver[2]|                 ; 47 (0)            ; 31 (0)       ; 0           ; 0            ; 0       ; 0         ; 0    ; 0            ; |final|Led_Top:l|Led_Driver:Led_Driver[2]                                       ;              ;
;          |Led_Driver_Control:Led_Driver_Control| ; 1 (1)             ; 0 (0)        ; 0           ; 0            ; 0       ; 0         ; 0    ; 0            ; |final|Led_Top:l|Led_Driver:Led_Driver[2]|Led_Driver_Control:Led_Driver_Control ;              ;
;          |Led_Interface:Led_Interface|           ; 1 (1)             ; 1 (1)        ; 0           ; 0            ; 0       ; 0         ; 0    ; 0            ; |final|Led_Top:l|Led_Driver:Led_Driver[2]|Led_Interface:Led_Interface           ;              ;
;          |Timer:Timer|                           ; 45 (0)            ; 30 (0)       ; 0           ; 0            ; 0       ; 0         ; 0    ; 0            ; |final|Led_Top:l|Led_Driver:Led_Driver[2]|Timer:Timer                           ;              ;
;             |MSTimer:MSTimer|                    ; 19 (19)           ; 16 (16)      ; 0           ; 0            ; 0       ; 0         ; 0    ; 0            ; |final|Led_Top:l|Led_Driver:Led_Driver[2]|Timer:Timer|MSTimer:MSTimer           ;              ;
;             |NMSTimer:NMSTimer|                  ; 26 (26)           ; 14 (14)      ; 0           ; 0            ; 0       ; 0         ; 0    ; 0            ; |final|Led_Top:l|Led_Driver:Led_Driver[2]|Timer:Timer|NMSTimer:NMSTimer         ;              ;
;       |Led_Driver:Led_Driver[3]|                 ; 47 (0)            ; 31 (0)       ; 0           ; 0            ; 0       ; 0         ; 0    ; 0            ; |final|Led_Top:l|Led_Driver:Led_Driver[3]                                       ;              ;
;          |Led_Driver_Control:Led_Driver_Control| ; 1 (1)             ; 0 (0)        ; 0           ; 0            ; 0       ; 0         ; 0    ; 0            ; |final|Led_Top:l|Led_Driver:Led_Driver[3]|Led_Driver_Control:Led_Driver_Control ;              ;
;          |Led_Interface:Led_Interface|           ; 1 (1)             ; 1 (1)        ; 0           ; 0            ; 0       ; 0         ; 0    ; 0            ; |final|Led_Top:l|Led_Driver:Led_Driver[3]|Led_Interface:Led_Interface           ;              ;
;          |Timer:Timer|                           ; 45 (0)            ; 30 (0)       ; 0           ; 0            ; 0       ; 0         ; 0    ; 0            ; |final|Led_Top:l|Led_Driver:Led_Driver[3]|Timer:Timer                           ;              ;
;             |MSTimer:MSTimer|                    ; 19 (19)           ; 16 (16)      ; 0           ; 0            ; 0       ; 0         ; 0    ; 0            ; |final|Led_Top:l|Led_Driver:Led_Driver[3]|Timer:Timer|MSTimer:MSTimer           ;              ;
;             |NMSTimer:NMSTimer|                  ; 26 (26)           ; 14 (14)      ; 0           ; 0            ; 0       ; 0         ; 0    ; 0            ; |final|Led_Top:l|Led_Driver:Led_Driver[3]|Timer:Timer|NMSTimer:NMSTimer         ;              ;
;    |cmp:c|                                       ; 25 (25)           ; 8 (8)        ; 0           ; 0            ; 0       ; 0         ; 0    ; 0            ; |final|cmp:c                                                                    ;              ;
;    |lfsr:r|                                      ; 8 (8)             ; 14 (14)      ; 0           ; 0            ; 0       ; 0         ; 0    ; 0            ; |final|lfsr:r                                                                   ;              ;
;    |timera:t|                                    ; 106 (0)           ; 54 (0)       ; 0           ; 0            ; 0       ; 0         ; 0    ; 0            ; |final|timera:t                                                                 ;              ;
;       |display:d|                                ; 46 (46)           ; 14 (14)      ; 0           ; 0            ; 0       ; 0         ; 0    ; 0            ; |final|timera:t|display:d                                                       ;              ;
;       |time_counter:t|                           ; 60 (60)           ; 40 (40)      ; 0           ; 0            ; 0       ; 0         ; 0    ; 0            ; |final|timera:t|time_counter:t                                                  ;              ;
+--------------------------------------------------+-------------------+--------------+-------------+--------------+---------+-----------+------+--------------+---------------------------------------------------------------------------------+--------------+
Note: For table entries with two numbers listed, the numbers in parentheses indicate the number of resources of the given type used by the specific entity alone. The numbers listed outside of parentheses indicate the total resources of the given type used by the specific entity and all of its sub-entities in the hierarchy.


+-------------------------------------------------------------------------------------------------------------------------------------------------------------------------------+
; Registers Removed During Synthesis                                                                                                                                            ;
+----------------------------------------------------------------------------------------+--------------------------------------------------------------------------------------+
; Register name                                                                          ; Reason for Removal                                                                   ;
+----------------------------------------------------------------------------------------+--------------------------------------------------------------------------------------+
; cmp:c|key[8..31]                                                                       ; Stuck at GND due to stuck port data_in                                               ;
; Led_Top:l|Led_Control:Led_Control|regSetMSTimes[0][12]                                 ; Merged with Led_Top:l|Led_Control:Led_Control|regSetMSTimes[0][13]                   ;
; Led_Top:l|Led_Control:Led_Control|regSetMSTimes[0][11]                                 ; Merged with Led_Top:l|Led_Control:Led_Control|regSetMSTimes[0][13]                   ;
; Led_Top:l|Led_Control:Led_Control|regSetMSTimes[0][10]                                 ; Merged with Led_Top:l|Led_Control:Led_Control|regSetMSTimes[0][13]                   ;
; Led_Top:l|Led_Control:Led_Control|regSetMSTimes[0][9]                                  ; Merged with Led_Top:l|Led_Control:Led_Control|regSetMSTimes[0][13]                   ;
; Led_Top:l|Led_Control:Led_Control|regSetMSTimes[0][3]                                  ; Merged with Led_Top:l|Led_Control:Led_Control|regSetMSTimes[0][13]                   ;
; Led_Top:l|Led_Control:Led_Control|regSetMSTimes[0][1]                                  ; Merged with Led_Top:l|Led_Control:Led_Control|regSetMSTimes[0][13]                   ;
; Led_Top:l|Led_Control:Led_Control|regSetMSTimes[0][7]                                  ; Merged with Led_Top:l|Led_Control:Led_Control|regSetMSTimes[0][8]                    ;
; Led_Top:l|Led_Control:Led_Control|regSetMSTimes[0][6]                                  ; Merged with Led_Top:l|Led_Control:Led_Control|regSetMSTimes[0][8]                    ;
; Led_Top:l|Led_Control:Led_Control|regSetMSTimes[0][5]                                  ; Merged with Led_Top:l|Led_Control:Led_Control|regSetMSTimes[0][8]                    ;
; Led_Top:l|Led_Control:Led_Control|regSetMSTimes[0][4]                                  ; Merged with Led_Top:l|Led_Control:Led_Control|regSetMSTimes[0][8]                    ;
; Led_Top:l|Led_Control:Led_Control|regSetMSTimes[0][2]                                  ; Merged with Led_Top:l|Led_Control:Led_Control|regSetMSTimes[0][8]                    ;
; Led_Top:l|Led_Control:Led_Control|regSetMSTimes[0][13]                                 ; Stuck at GND due to stuck port data_in                                               ;
; Led_Top:l|Led_Driver:Led_Driver[0]|Led_Driver_Control:Led_Driver_Control|countTimerOut ; Merged with Led_Top:l|Led_Driver:Led_Driver[0]|Led_Interface:Led_Interface|regLedOut ;
; Led_Top:l|Led_Driver:Led_Driver[1]|Led_Driver_Control:Led_Driver_Control|countTimerOut ; Merged with Led_Top:l|Led_Driver:Led_Driver[1]|Led_Interface:Led_Interface|regLedOut ;
; Led_Top:l|Led_Driver:Led_Driver[2]|Led_Driver_Control:Led_Driver_Control|countTimerOut ; Merged with Led_Top:l|Led_Driver:Led_Driver[2]|Led_Interface:Led_Interface|regLedOut ;
; Led_Top:l|Led_Driver:Led_Driver[3]|Led_Driver_Control:Led_Driver_Control|countTimerOut ; Merged with Led_Top:l|Led_Driver:Led_Driver[3]|Led_Interface:Led_Interface|regLedOut ;
; Led_Top:l|Led_Control:Led_Control|i[2]                                                 ; Merged with Led_Top:l|Led_Control:Led_Control|i[3]                                   ;
; Led_Top:l|Led_Control:Led_Control|i[3]                                                 ; Stuck at GND due to stuck port data_in                                               ;
; Led_Top:l|Led_Control:Led_Control|j[3]                                                 ; Stuck at GND due to stuck port data_in                                               ;
; Total Number of Removed Registers = 43                                                 ;                                                                                      ;
+----------------------------------------------------------------------------------------+--------------------------------------------------------------------------------------+


+----------------------------------------------------------------------------------------------------------------------------+
; Removed Registers Triggering Further Register Optimizations                                                                ;
+---------------+---------------------------+--------------------------------------------------------------------------------+
; Register name ; Reason for Removal        ; Registers Removed due to This Register                                         ;
+---------------+---------------------------+--------------------------------------------------------------------------------+
; cmp:c|key[8]  ; Stuck at GND              ; Led_Top:l|Led_Control:Led_Control|regSetMSTimes[0][13],                        ;
;               ; due to stuck port data_in ; Led_Top:l|Led_Control:Led_Control|i[3], Led_Top:l|Led_Control:Led_Control|j[3] ;
+---------------+---------------------------+--------------------------------------------------------------------------------+


+------------------------------------------------------+
; General Register Statistics                          ;
+----------------------------------------------+-------+
; Statistic                                    ; Value ;
+----------------------------------------------+-------+
; Total registers                              ; 214   ;
; Number of registers using Synchronous Clear  ; 150   ;
; Number of registers using Synchronous Load   ; 6     ;
; Number of registers using Asynchronous Clear ; 192   ;
; Number of registers using Asynchronous Load  ; 0     ;
; Number of registers using Clock Enable       ; 32    ;
; Number of registers using Preset             ; 0     ;
+----------------------------------------------+-------+


+--------------------------------------------------+
; Inverted Register Statistics                     ;
+----------------------------------------+---------+
; Inverted Register                      ; Fan out ;
+----------------------------------------+---------+
; cmp:c|key[7]                           ; 4       ;
; cmp:c|key[5]                           ; 4       ;
; cmp:c|key[3]                           ; 4       ;
; cmp:c|key[1]                           ; 4       ;
; Total number of inverted registers = 4 ;         ;
+----------------------------------------+---------+


+----------------------------------------------------------------------------------------------------------------------------------------------------------------------------------------------------+
; Multiplexer Restructuring Statistics (Restructuring Performed)                                                                                                                                     ;
+--------------------+-----------+---------------+----------------------+------------------------+------------+--------------------------------------------------------------------------------------+
; Multiplexer Inputs ; Bus Width ; Baseline Area ; Area if Restructured ; Saving if Restructured ; Registered ; Example Multiplexer Output                                                           ;
+--------------------+-----------+---------------+----------------------+------------------------+------------+--------------------------------------------------------------------------------------+
; 3:1                ; 16 bits   ; 32 LEs        ; 16 LEs               ; 16 LEs                 ; Yes        ; |final|Led_Top:l|Led_Driver:Led_Driver[0]|Timer:Timer|MSTimer:MSTimer|countMS[10]    ;
; 3:1                ; 16 bits   ; 32 LEs        ; 16 LEs               ; 16 LEs                 ; Yes        ; |final|Led_Top:l|Led_Driver:Led_Driver[1]|Timer:Timer|MSTimer:MSTimer|countMS[9]     ;
; 3:1                ; 16 bits   ; 32 LEs        ; 16 LEs               ; 16 LEs                 ; Yes        ; |final|Led_Top:l|Led_Driver:Led_Driver[2]|Timer:Timer|MSTimer:MSTimer|countMS[0]     ;
; 3:1                ; 16 bits   ; 32 LEs        ; 16 LEs               ; 16 LEs                 ; Yes        ; |final|Led_Top:l|Led_Driver:Led_Driver[3]|Timer:Timer|MSTimer:MSTimer|countMS[7]     ;
; 3:1                ; 14 bits   ; 28 LEs        ; 14 LEs               ; 14 LEs                 ; Yes        ; |final|Led_Top:l|Led_Driver:Led_Driver[0]|Timer:Timer|NMSTimer:NMSTimer|countNMS[0]  ;
; 3:1                ; 14 bits   ; 28 LEs        ; 14 LEs               ; 14 LEs                 ; Yes        ; |final|Led_Top:l|Led_Driver:Led_Driver[1]|Timer:Timer|NMSTimer:NMSTimer|countNMS[10] ;
; 3:1                ; 14 bits   ; 28 LEs        ; 14 LEs               ; 14 LEs                 ; Yes        ; |final|Led_Top:l|Led_Driver:Led_Driver[2]|Timer:Timer|NMSTimer:NMSTimer|countNMS[2]  ;
; 3:1                ; 14 bits   ; 28 LEs        ; 14 LEs               ; 14 LEs                 ; Yes        ; |final|Led_Top:l|Led_Driver:Led_Driver[3]|Timer:Timer|NMSTimer:NMSTimer|countNMS[8]  ;
; 15:1               ; 2 bits    ; 20 LEs        ; 0 LEs                ; 20 LEs                 ; Yes        ; |final|Led_Top:l|Led_Control:Led_Control|regSetMSTimes[0][13]                        ;
; 17:1               ; 3 bits    ; 33 LEs        ; 15 LEs               ; 18 LEs                 ; Yes        ; |final|Led_Top:l|Led_Control:Led_Control|i[3]                                        ;
; 19:1               ; 4 bits    ; 48 LEs        ; 24 LEs               ; 24 LEs                 ; Yes        ; |final|timera:t|display:d|seg[5]                                                     ;
; 34:1               ; 4 bits    ; 88 LEs        ; 4 LEs                ; 84 LEs                 ; Yes        ; |final|Led_Top:l|Led_Control:Led_Control|k[3]                                        ;
+--------------------+-----------+---------------+----------------------+------------------------+------------+--------------------------------------------------------------------------------------+


+----------------------------------------------------------------------+
; Parameter Settings for User Entity Instance: timera:t|time_counter:t ;
+----------------+---------+-------------------------------------------+
; Parameter Name ; Value   ; Type                                      ;
+----------------+---------+-------------------------------------------+
; CLK_CYCLE      ; 20      ; Signed Integer                            ;
; T0             ; 1000000 ; Signed Integer                            ;
; T0_VAL         ; 49999   ; Signed Integer                            ;
+----------------+---------+-------------------------------------------+
Note: In order to hide this table in the UI and the text report file, please set the "Show Parameter Settings Tables in Synthesis Report" option in "Analysis and Synthesis Settings -> More Settings" to "Off".


+---------------------------------------------------------------------------------------------------------------------------------------------------------------------------------------------------------------------+
; Port Connectivity Checks: "Led_Top:l|Led_Driver:Led_Driver[0]|Led_Driver_Control:Led_Driver_Control"                                                                                                                ;
+------------+-------+----------+-------------------------------------------------------------------------------------------------------------------------------------------------------------------------------------+
; Port       ; Type  ; Severity ; Details                                                                                                                                                                             ;
+------------+-------+----------+-------------------------------------------------------------------------------------------------------------------------------------------------------------------------------------+
; setMSTimes ; Input ; Warning  ; Input port expression (56 bits) is wider than the input port (14 bits) it drives.  The 42 most-significant bit(s) in the expression will be dangling if they have no other fanouts. ;
+------------+-------+----------+-------------------------------------------------------------------------------------------------------------------------------------------------------------------------------------+


+------------------------------------------------------------------------------------------------------------------------------------------------------------------------------------------------------------------+
; Port Connectivity Checks: "lfsr:r"                                                                                                                                                                               ;
+----------+-------+----------+------------------------------------------------------------------------------------------------------------------------------------------------------------------------------------+
; Port     ; Type  ; Severity ; Details                                                                                                                                                                            ;
+----------+-------+----------+------------------------------------------------------------------------------------------------------------------------------------------------------------------------------------+
; seed     ; Input ; Warning  ; Input port expression (32 bits) is wider than the input port (1 bits) it drives.  The 31 most-significant bit(s) in the expression will be dangling if they have no other fanouts. ;
; seed[-1] ; Input ; Info     ; Stuck at VCC                                                                                                                                                                       ;
+----------+-------+----------+------------------------------------------------------------------------------------------------------------------------------------------------------------------------------------+


+-------------------------------+
; Analysis & Synthesis Messages ;
+-------------------------------+
Info: *******************************************************************
Info: Running Quartus II Analysis & Synthesis
    Info: Version 9.1 Build 350 03/24/2010 Service Pack 2 SJ Web Edition
    Info: Processing started: Thu Jun 08 22:50:38 2023
Info: Command: quartus_map --read_settings_files=on --write_settings_files=off final -c final
Warning (10463): Verilog HDL Declaration warning at final.v(1): "final" is SystemVerilog-2005 keyword
Info: Found 1 design units, including 1 entities, in source file final.v
    Info: Found entity 1: final
Info: Found 1 design units, including 1 entities, in source file cmp.v
    Info: Found entity 1: cmp
Info: Found 8 design units, including 8 entities, in source file led_top.v
    Info: Found entity 1: Led_Top
    Info: Found entity 2: Led_Control
    Info: Found entity 3: Led_Driver
    Info: Found entity 4: Led_Driver_Control
    Info: Found entity 5: Timer
    Info: Found entity 6: MSTimer
    Info: Found entity 7: NMSTimer
    Info: Found entity 8: Led_Interface
Info: Found 1 design units, including 1 entities, in source file display.v
    Info: Found entity 1: display
Info: Found 1 design units, including 1 entities, in source file time_counter.v
    Info: Found entity 1: time_counter
Info: Found 1 design units, including 1 entities, in source file timera.v
    Info: Found entity 1: timera
Info: Found 1 design units, including 1 entities, in source file lfsr.v
    Info: Found entity 1: lfsr
Info: Elaborating entity "final" for the top level hierarchy
Info: Elaborating entity "lfsr" for hierarchy "lfsr:r"
Info: Elaborating entity "cmp" for hierarchy "cmp:c"
Warning (10230): Verilog HDL assignment warning at cmp.v(18): truncated value with size 32 to match size of target (8)
Info: Elaborating entity "timera" for hierarchy "timera:t"
Info: Elaborating entity "time_counter" for hierarchy "timera:t|time_counter:t"
Info: Elaborating entity "display" for hierarchy "timera:t|display:d"
Info: Elaborating entity "Led_Top" for hierarchy "Led_Top:l"
Info: Elaborating entity "Led_Control" for hierarchy "Led_Top:l|Led_Control:Led_Control"
Info: Elaborating entity "Led_Driver" for hierarchy "Led_Top:l|Led_Driver:Led_Driver[0]"
Info: Elaborating entity "Led_Driver_Control" for hierarchy "Led_Top:l|Led_Driver:Led_Driver[0]|Led_Driver_Control:Led_Driver_Control"
Info: Elaborating entity "Timer" for hierarchy "Led_Top:l|Led_Driver:Led_Driver[0]|Timer:Timer"
Info: Elaborating entity "MSTimer" for hierarchy "Led_Top:l|Led_Driver:Led_Driver[0]|Timer:Timer|MSTimer:MSTimer"
Info: Elaborating entity "NMSTimer" for hierarchy "Led_Top:l|Led_Driver:Led_Driver[0]|Timer:Timer|NMSTimer:NMSTimer"
Info: Elaborating entity "Led_Interface" for hierarchy "Led_Top:l|Led_Driver:Led_Driver[0]|Led_Interface:Led_Interface"
Warning (12020): Port "setMSTimes" on the entity instantiation of "Led_Driver_Control" is connected to a signal of width 56. The formal width of the signal in the module is 14.  The extra bits will be ignored.
Warning (12020): Port "setMSTimes" on the entity instantiation of "Led_Driver_Control" is connected to a signal of width 56. The formal width of the signal in the module is 14.  The extra bits will be ignored.
Warning (12020): Port "setMSTimes" on the entity instantiation of "Led_Driver_Control" is connected to a signal of width 56. The formal width of the signal in the module is 14.  The extra bits will be ignored.
Info: Timing-Driven Synthesis is running
Warning: 2 hierarchies have connectivity warnings - see the Connectivity Checks report folder
Info: Implemented 494 device resources after synthesis - the final resource count might be different
    Info: Implemented 10 input pins
    Info: Implemented 26 output pins
    Info: Implemented 458 logic cells
Info: Quartus II Analysis & Synthesis was successful. 0 errors, 6 warnings
    Info: Peak virtual memory: 230 megabytes
    Info: Processing ended: Thu Jun 08 22:50:41 2023
    Info: Elapsed time: 00:00:03
    Info: Total CPU time (on all processors): 00:00:01


